e:\02_git_github\vldwf_20201110\vld_demo_vs2019\x64\debug\vc142.pdb
e:\02_git_github\vldwf_20201110\vld_demo_vs2019\x64\debug\vc142.idb
e:\02_git_github\vldwf_20201110\vld_demo_vs2019\x64\debug\transaction.obj
e:\02_git_github\vldwf_20201110\vld_demo_vs2019\x64\debug\statement.obj
e:\02_git_github\vldwf_20201110\vld_demo_vs2019\x64\debug\exception.obj
e:\02_git_github\vldwf_20201110\vld_demo_vs2019\x64\debug\database.obj
e:\02_git_github\vldwf_20201110\vld_demo_vs2019\x64\debug\column.obj
e:\02_git_github\vldwf_20201110\vld_demo_vs2019\x64\debug\backup.obj
e:\02_git_github\vldwf_20201110\vld_demo_vs2019\x64\debug\vld_demo_vs2019_x64d.pch
e:\02_git_github\vldwf_20201110\vld_demo_vs2019\x64\debug\pch.obj
e:\02_git_github\vldwf_20201110\vld_demo_vs2019\x64\debug\vld_demo_vs2019dlg.obj
e:\02_git_github\vldwf_20201110\vld_demo_vs2019\x64\debug\vld_demo_vs2019.obj
e:\02_git_github\vldwf_20201110\x64\debug\vld_demo_vs2019_x64d.exe
e:\02_git_github\vldwf_20201110\x64\debug\vld_demo_vs2019_x64d.ilk
e:\02_git_github\vldwf_20201110\x64\debug\vld_demo_vs2019_x64d.pdb
e:\02_git_github\vldwf_20201110\vld_demo_vs2019\x64\debug\vlddemovs2019.res
e:\02_git_github\vldwf_20201110\vld_demo_vs2019\x64\debug\vld_demo_vs2019.tlog\cl.command.1.tlog
e:\02_git_github\vldwf_20201110\vld_demo_vs2019\x64\debug\vld_demo_vs2019.tlog\cl.read.1.tlog
e:\02_git_github\vldwf_20201110\vld_demo_vs2019\x64\debug\vld_demo_vs2019.tlog\cl.write.1.tlog
e:\02_git_github\vldwf_20201110\vld_demo_vs2019\x64\debug\vld_demo_vs2019.tlog\link.command.1.tlog
e:\02_git_github\vldwf_20201110\vld_demo_vs2019\x64\debug\vld_demo_vs2019.tlog\link.read.1.tlog
e:\02_git_github\vldwf_20201110\vld_demo_vs2019\x64\debug\vld_demo_vs2019.tlog\link.write.1.tlog
e:\02_git_github\vldwf_20201110\vld_demo_vs2019\x64\debug\vld_demo_vs2019.tlog\rc.command.1.tlog
e:\02_git_github\vldwf_20201110\vld_demo_vs2019\x64\debug\vld_demo_vs2019.tlog\rc.read.1.tlog
e:\02_git_github\vldwf_20201110\vld_demo_vs2019\x64\debug\vld_demo_vs2019.tlog\rc.write.1.tlog
